<?xml version="1.0" encoding="UTF-8"?>
<!-- Generated by org.testng.reporters.JUnitXMLReporter -->
<testsuite hostname="SanketNegi" name="CRM project" tests="3" failures="0" timestamp="9 Dec 2021 03:31:54 GMT" time="133.129" errors="0">
  <testcase name="loginPageTitleTest" time="0.029" classname="com.crm.qa.testcases.LoginPageTest"/>
  <testcase name="LoginTest" time="86.746" classname="com.crm.qa.testcases.LoginPageTest"/>
  <testcase name="validateSubmitBtntest" time="6.698" classname="com.crm.qa.testcases.LoginPageTest"/>
</testsuite> <!-- CRM project -->
