<?xml version="1.0" encoding="UTF-8"?>
<!-- Generated by org.testng.reporters.JUnitXMLReporter -->
<testsuite hostname="SanketNegi" name="CRM project" tests="3" failures="0" timestamp="5 Nov 2021 06:31:15 GMT" time="28.812" errors="0">
  <testcase name="loginPageTitleTest" time="0.272" classname="com.crm.qa.testcases.LoginPageTest"/>
  <testcase name="LoginTest" time="3.435" classname="com.crm.qa.testcases.LoginPageTest"/>
  <testcase name="validateSubmitBtntest" time="2.594" classname="com.crm.qa.testcases.LoginPageTest"/>
</testsuite> <!-- CRM project -->
