<?xml version="1.0" encoding="UTF-8"?>
<testng-results skipped="0" failed="0" total="3" passed="3">
  <reporter-output>
    <line>
      <![CDATA[Method Started: loginPageTitleTest]]>
    </line>
    <line>
      <![CDATA[getStatus value1]]>
    </line>
    <line>
      <![CDATA[ITestResult.FAILURE2]]>
    </line>
    <line>
      <![CDATA[ITestResult.SUCCESS1]]>
    </line>
    <line>
      <![CDATA[Method Started: LoginTest]]>
    </line>
    <line>
      <![CDATA[getStatus value1]]>
    </line>
    <line>
      <![CDATA[ITestResult.FAILURE2]]>
    </line>
    <line>
      <![CDATA[ITestResult.SUCCESS1]]>
    </line>
    <line>
      <![CDATA[Method Started: validateSubmitBtntest]]>
    </line>
    <line>
      <![CDATA[getStatus value1]]>
    </line>
    <line>
      <![CDATA[ITestResult.FAILURE2]]>
    </line>
    <line>
      <![CDATA[ITestResult.SUCCESS1]]>
    </line>
  </reporter-output>
  <suite name="Suite" duration-ms="133129" started-at="2021-12-09T03:29:41Z" finished-at="2021-12-09T03:31:54Z">
    <groups>
    </groups>
    <test name="CRM project" duration-ms="133129" started-at="2021-12-09T03:29:41Z" finished-at="2021-12-09T03:31:54Z">
      <class name="com.crm.qa.testcases.LoginPageTest">
        <test-method status="PASS" signature="setUpSuite()[pri:0, instance:com.crm.qa.testcases.LoginPageTest@4678c730]" name="setUpSuite" is-config="true" duration-ms="305" started-at="2021-12-09T08:59:41Z" finished-at="2021-12-09T08:59:41Z">
          <reporter-output>
          </reporter-output>
        </test-method> <!-- setUpSuite -->
        <test-method status="PASS" signature="extentSetup(java.lang.reflect.Method)[pri:0, instance:com.crm.qa.testcases.LoginPageTest@4678c730]" name="extentSetup" is-config="true" duration-ms="0" started-at="2021-12-09T08:59:41Z" finished-at="2021-12-09T08:59:41Z">
          <params>
            <param index="0">
              <value>
                <![CDATA[public void com.crm.qa.testcases.LoginPageTest.loginPageTitleTest()]]>
              </value>
            </param>
          </params>
          <reporter-output>
            <line>
              <![CDATA[Method Started: loginPageTitleTest]]>
            </line>
          </reporter-output>
        </test-method> <!-- extentSetup -->
        <test-method status="PASS" signature="setUp()[pri:0, instance:com.crm.qa.testcases.LoginPageTest@4678c730]" name="setUp" is-config="true" duration-ms="15253" started-at="2021-12-09T08:59:41Z" finished-at="2021-12-09T08:59:56Z">
          <reporter-output>
          </reporter-output>
        </test-method> <!-- setUp -->
        <test-method status="PASS" signature="loginPageTitleTest()[pri:0, instance:com.crm.qa.testcases.LoginPageTest@4678c730]" name="loginPageTitleTest" duration-ms="29" started-at="2021-12-09T08:59:56Z" finished-at="2021-12-09T08:59:57Z">
          <reporter-output>
          </reporter-output>
        </test-method> <!-- loginPageTitleTest -->
        <test-method status="PASS" signature="methodTearDown(org.testng.ITestResult)[pri:0, instance:com.crm.qa.testcases.LoginPageTest@4678c730]" name="methodTearDown" is-config="true" duration-ms="2558" started-at="2021-12-09T08:59:57Z" finished-at="2021-12-09T08:59:59Z">
          <params>
            <param index="0">
              <value>
                <![CDATA[[TestResult name=loginPageTitleTest status=SUCCESS method=LoginPageTest.loginPageTitleTest()[pri:0, instance:com.crm.qa.testcases.LoginPageTest@4678c730] output={null}]]]>
              </value>
            </param>
          </params>
          <reporter-output>
            <line>
              <![CDATA[getStatus value1]]>
            </line>
            <line>
              <![CDATA[ITestResult.FAILURE2]]>
            </line>
            <line>
              <![CDATA[ITestResult.SUCCESS1]]>
            </line>
          </reporter-output>
        </test-method> <!-- methodTearDown -->
        <test-method status="PASS" signature="extentSetup(java.lang.reflect.Method)[pri:0, instance:com.crm.qa.testcases.LoginPageTest@4678c730]" name="extentSetup" is-config="true" duration-ms="0" started-at="2021-12-09T08:59:59Z" finished-at="2021-12-09T08:59:59Z">
          <params>
            <param index="0">
              <value>
                <![CDATA[public void com.crm.qa.testcases.LoginPageTest.LoginTest()]]>
              </value>
            </param>
          </params>
          <reporter-output>
            <line>
              <![CDATA[Method Started: LoginTest]]>
            </line>
          </reporter-output>
        </test-method> <!-- extentSetup -->
        <test-method status="PASS" signature="setUp()[pri:0, instance:com.crm.qa.testcases.LoginPageTest@4678c730]" name="setUp" is-config="true" duration-ms="9997" started-at="2021-12-09T08:59:59Z" finished-at="2021-12-09T09:00:09Z">
          <reporter-output>
          </reporter-output>
        </test-method> <!-- setUp -->
        <test-method status="PASS" signature="LoginTest()[pri:0, instance:com.crm.qa.testcases.LoginPageTest@4678c730]" name="LoginTest" duration-ms="86746" started-at="2021-12-09T09:00:09Z" finished-at="2021-12-09T09:01:36Z">
          <reporter-output>
          </reporter-output>
        </test-method> <!-- LoginTest -->
        <test-method status="PASS" signature="methodTearDown(org.testng.ITestResult)[pri:0, instance:com.crm.qa.testcases.LoginPageTest@4678c730]" name="methodTearDown" is-config="true" duration-ms="998" started-at="2021-12-09T09:01:36Z" finished-at="2021-12-09T09:01:37Z">
          <params>
            <param index="0">
              <value>
                <![CDATA[[TestResult name=LoginTest status=SUCCESS method=LoginPageTest.LoginTest()[pri:0, instance:com.crm.qa.testcases.LoginPageTest@4678c730] output={null}]]]>
              </value>
            </param>
          </params>
          <reporter-output>
            <line>
              <![CDATA[getStatus value1]]>
            </line>
            <line>
              <![CDATA[ITestResult.FAILURE2]]>
            </line>
            <line>
              <![CDATA[ITestResult.SUCCESS1]]>
            </line>
          </reporter-output>
        </test-method> <!-- methodTearDown -->
        <test-method status="PASS" signature="extentSetup(java.lang.reflect.Method)[pri:0, instance:com.crm.qa.testcases.LoginPageTest@4678c730]" name="extentSetup" is-config="true" duration-ms="1" started-at="2021-12-09T09:01:37Z" finished-at="2021-12-09T09:01:37Z">
          <params>
            <param index="0">
              <value>
                <![CDATA[public void com.crm.qa.testcases.LoginPageTest.validateSubmitBtntest()]]>
              </value>
            </param>
          </params>
          <reporter-output>
            <line>
              <![CDATA[Method Started: validateSubmitBtntest]]>
            </line>
          </reporter-output>
        </test-method> <!-- extentSetup -->
        <test-method status="PASS" signature="setUp()[pri:0, instance:com.crm.qa.testcases.LoginPageTest@4678c730]" name="setUp" is-config="true" duration-ms="8960" started-at="2021-12-09T09:01:37Z" finished-at="2021-12-09T09:01:46Z">
          <reporter-output>
          </reporter-output>
        </test-method> <!-- setUp -->
        <test-method status="PASS" signature="validateSubmitBtntest()[pri:0, instance:com.crm.qa.testcases.LoginPageTest@4678c730]" name="validateSubmitBtntest" duration-ms="6698" started-at="2021-12-09T09:01:46Z" finished-at="2021-12-09T09:01:52Z">
          <reporter-output>
          </reporter-output>
        </test-method> <!-- validateSubmitBtntest -->
        <test-method status="PASS" signature="methodTearDown(org.testng.ITestResult)[pri:0, instance:com.crm.qa.testcases.LoginPageTest@4678c730]" name="methodTearDown" is-config="true" duration-ms="1865" started-at="2021-12-09T09:01:52Z" finished-at="2021-12-09T09:01:54Z">
          <params>
            <param index="0">
              <value>
                <![CDATA[[TestResult name=validateSubmitBtntest status=SUCCESS method=LoginPageTest.validateSubmitBtntest()[pri:0, instance:com.crm.qa.testcases.LoginPageTest@4678c730] output={null}]]]>
              </value>
            </param>
          </params>
          <reporter-output>
            <line>
              <![CDATA[getStatus value1]]>
            </line>
            <line>
              <![CDATA[ITestResult.FAILURE2]]>
            </line>
            <line>
              <![CDATA[ITestResult.SUCCESS1]]>
            </line>
          </reporter-output>
        </test-method> <!-- methodTearDown -->
      </class> <!-- com.crm.qa.testcases.LoginPageTest -->
    </test> <!-- CRM project -->
  </suite> <!-- Suite -->
</testng-results>
